[2017-12-03 14:03:05,225] INFO [GroupMetadataManager brokerId=0] Removed 0 expired offsets in 1 milliseconds. (kafka.coordinator.group.GroupMetadataManager)
[2017-12-03 14:12:25,081] ERROR Error while reading checkpoint file /Users/yuyi/Code/go/wing-binlog-go/tools/kafka_2.12-1.0.0/data/cleaner-offset-checkpoint (kafka.server.LogDirFailureChannel)
java.io.FileNotFoundException: /Users/yuyi/Code/go/wing-binlog-go/tools/kafka_2.12-1.0.0/data/cleaner-offset-checkpoint (No such file or directory)
	at java.io.FileInputStream.open0(Native Method)
	at java.io.FileInputStream.open(FileInputStream.java:195)
	at java.io.FileInputStream.<init>(FileInputStream.java:138)
	at kafka.server.checkpoints.CheckpointFile.liftedTree2$1(CheckpointFile.scala:87)
	at kafka.server.checkpoints.CheckpointFile.read(CheckpointFile.scala:86)
	at kafka.server.checkpoints.OffsetCheckpointFile.read(OffsetCheckpointFile.scala:61)
	at kafka.log.LogCleanerManager.$anonfun$allCleanerCheckpoints$2(LogCleanerManager.scala:89)
	at scala.collection.TraversableLike.$anonfun$flatMap$1(TraversableLike.scala:241)
	at scala.collection.Iterator.foreach(Iterator.scala:929)
	at scala.collection.Iterator.foreach$(Iterator.scala:929)
	at scala.collection.AbstractIterator.foreach(Iterator.scala:1417)
	at scala.collection.MapLike$DefaultValuesIterable.foreach(MapLike.scala:210)
	at scala.collection.TraversableLike.flatMap(TraversableLike.scala:241)
	at scala.collection.TraversableLike.flatMap$(TraversableLike.scala:238)
	at scala.collection.AbstractTraversable.flatMap(Traversable.scala:104)
	at kafka.log.LogCleanerManager.$anonfun$allCleanerCheckpoints$1(LogCleanerManager.scala:87)
	at kafka.utils.CoreUtils$.inLock(CoreUtils.scala:217)
	at kafka.log.LogCleanerManager.allCleanerCheckpoints(LogCleanerManager.scala:95)
	at kafka.log.LogCleanerManager.$anonfun$grabFilthiestCompactedLog$1(LogCleanerManager.scala:109)
	at kafka.utils.CoreUtils$.inLock(CoreUtils.scala:217)
	at kafka.log.LogCleanerManager.grabFilthiestCompactedLog(LogCleanerManager.scala:106)
	at kafka.log.LogCleaner$CleanerThread.cleanOrSleep(LogCleaner.scala:256)
	at kafka.log.LogCleaner$CleanerThread.doWork(LogCleaner.scala:243)
	at kafka.utils.ShutdownableThread.run(ShutdownableThread.scala:64)
[2017-12-03 14:12:25,589] INFO [ReplicaManager broker=0] Stopping serving replicas in dir /Users/yuyi/Code/go/wing-binlog-go/tools/kafka_2.12-1.0.0/data (kafka.server.ReplicaManager)
[2017-12-03 14:12:25,744] INFO [ReplicaManager broker=0] Partitions  are offline due to failure on log directory /Users/yuyi/Code/go/wing-binlog-go/tools/kafka_2.12-1.0.0/data (kafka.server.ReplicaManager)
[2017-12-03 14:12:25,760] INFO [ReplicaFetcherManager on broker 0] Removed fetcher for partitions  (kafka.server.ReplicaFetcherManager)
[2017-12-03 14:12:25,795] INFO [ReplicaManager broker=0] Broker 0 stopped fetcher for partitions  because they are in the failed log dir /Users/yuyi/Code/go/wing-binlog-go/tools/kafka_2.12-1.0.0/data (kafka.server.ReplicaManager)
[2017-12-03 14:12:25,796] INFO Stopping serving logs in dir /Users/yuyi/Code/go/wing-binlog-go/tools/kafka_2.12-1.0.0/data (kafka.log.LogManager)
[2017-12-03 14:12:25,799] FATAL Shutdown broker because all log dirs in /Users/yuyi/Code/go/wing-binlog-go/tools/kafka_2.12-1.0.0/data have failed (kafka.log.LogManager)
